Configuring configurator-0.3.0.0...
Building configurator-0.3.0.0...
Preprocessing library configurator-0.3.0.0...
[1 of 5] Compiling Data.Configurator.Types.Internal ( Data/Configurator/Types/Internal.hs, .stack-work/dist/x86_64-osx/Cabal-1.22.5.0/build/Data/Configurator/Types/Internal.o )
[2 of 5] Compiling Data.Configurator.Types ( Data/Configurator/Types.hs, .stack-work/dist/x86_64-osx/Cabal-1.22.5.0/build/Data/Configurator/Types.o )
[3 of 5] Compiling Data.Configurator.Parser ( Data/Configurator/Parser.hs, .stack-work/dist/x86_64-osx/Cabal-1.22.5.0/build/Data/Configurator/Parser.o )

Data/Configurator/Parser.hs:19:1: Warning:
    The import of ‘Control.Applicative’ is redundant
      except perhaps to import instances from ‘Control.Applicative’
    To import instances alone, use: import Control.Applicative()

Data/Configurator/Parser.hs:26:1: Warning:
    The import of ‘Data.Monoid’ is redundant
      except perhaps to import instances from ‘Data.Monoid’
    To import instances alone, use: import Data.Monoid()
[4 of 5] Compiling Data.Configurator.Instances ( Data/Configurator/Instances.hs, .stack-work/dist/x86_64-osx/Cabal-1.22.5.0/build/Data/Configurator/Instances.o )

Data/Configurator/Instances.hs:6:1: Warning:
    The import of ‘Control.Applicative’ is redundant
      except perhaps to import instances from ‘Control.Applicative’
    To import instances alone, use: import Control.Applicative()

Data/Configurator/Instances.hs:13:1: Warning:
    The import of ‘Word’ from module ‘Data.Word’ is redundant
[5 of 5] Compiling Data.Configurator ( Data/Configurator.hs, .stack-work/dist/x86_64-osx/Cabal-1.22.5.0/build/Data/Configurator.o )

Data/Configurator.hs:63:1: Warning:
    The import of ‘Control.Applicative’ is redundant
      except perhaps to import instances from ‘Control.Applicative’
    To import instances alone, use: import Control.Applicative()

Data/Configurator.hs:73:1: Warning:
    The import of ‘Data.Monoid’ is redundant
      except perhaps to import instances from ‘Data.Monoid’
    To import instances alone, use: import Data.Monoid()
In-place registering configurator-0.3.0.0...
Installing library in
/Users/zxy/.stack/snapshots/x86_64-osx/lts-6.2/7.10.3/lib/x86_64-osx-ghc-7.10.3/configurator-0.3.0.0-DkEPU0D3jb33mg0BYCnGkf
Registering configurator-0.3.0.0...
