Configuring direct-sqlite-2.3.17...
Building direct-sqlite-2.3.17...
Preprocessing library direct-sqlite-2.3.17...
[1 of 4] Compiling Database.SQLite3.Bindings.Types ( .stack-work/dist/x86_64-osx/Cabal-1.22.5.0/build/Database/SQLite3/Bindings/Types.hs, .stack-work/dist/x86_64-osx/Cabal-1.22.5.0/build/Database/SQLite3/Bindings/Types.o )
[2 of 4] Compiling Database.SQLite3.Bindings ( Database/SQLite3/Bindings.hs, .stack-work/dist/x86_64-osx/Cabal-1.22.5.0/build/Database/SQLite3/Bindings.o )
[3 of 4] Compiling Database.SQLite3.Direct ( Database/SQLite3/Direct.hs, .stack-work/dist/x86_64-osx/Cabal-1.22.5.0/build/Database/SQLite3/Direct.o )

Database/SQLite3/Direct.hs:142:1: Warning:
    The import of ‘Control.Applicative’ is redundant
      except perhaps to import instances from ‘Control.Applicative’
    To import instances alone, use: import Control.Applicative()

Database/SQLite3/Direct.hs:147:1: Warning:
    The import of ‘Data.Monoid’ is redundant
      except perhaps to import instances from ‘Data.Monoid’
    To import instances alone, use: import Data.Monoid()
[4 of 4] Compiling Database.SQLite3 ( Database/SQLite3.hs, .stack-work/dist/x86_64-osx/Cabal-1.22.5.0/build/Database/SQLite3.o )

Database/SQLite3.hs:185:1: Warning:
    The import of ‘Control.Applicative’ is redundant
      except perhaps to import instances from ‘Control.Applicative’
    To import instances alone, use: import Control.Applicative()

cbits/sqlite3.c:16475:17:
     warning: 'OSAtomicCompareAndSwapPtrBarrier' is deprecated: first deprecated in macOS 10.12 - Use atomic_compare_exchange_strong() from <stdatomic.h> instead [-Wdeprecated-declarations]
          success = OSAtomicCompareAndSwapPtrBarrier(NULL, newzone, 
                    ^

/usr/include/libkern/OSAtomicDeprecated.h:547:6:
     note: 'OSAtomicCompareAndSwapPtrBarrier' has been explicitly marked deprecated here
bool    OSAtomicCompareAndSwapPtrBarrier( void *__oldValue, void *__newValue, void * volatile *__theValue );
        ^
1 warning generated.

cbits/sqlite3.c:16475:17:
     warning: 'OSAtomicCompareAndSwapPtrBarrier' is deprecated: first deprecated in macOS 10.12 - Use atomic_compare_exchange_strong() from <stdatomic.h> instead [-Wdeprecated-declarations]
          success = OSAtomicCompareAndSwapPtrBarrier(NULL, newzone, 
                    ^

/usr/include/libkern/OSAtomicDeprecated.h:547:6:
     note: 'OSAtomicCompareAndSwapPtrBarrier' has been explicitly marked deprecated here
bool    OSAtomicCompareAndSwapPtrBarrier( void *__oldValue, void *__newValue, void * volatile *__theValue );
        ^
1 warning generated.
In-place registering direct-sqlite-2.3.17...
Installing library in
/Users/zxy/.stack/snapshots/x86_64-osx/lts-6.2/7.10.3/lib/x86_64-osx-ghc-7.10.3/direct-sqlite-2.3.17-D3duxzilrPKH1oKv2GTiAL
Registering direct-sqlite-2.3.17...
